0 info it worked if it ends with ok
1 verbose cli [ 'C:\\Program Files (x86)\\nodejs\\\\node.exe',
1 verbose cli   'C:\\Program Files (x86)\\nodejs\\node_modules\\npm\\bin\\npm-cli.js',
1 verbose cli   'install',
1 verbose cli   'grunt-contrib-qunit',
1 verbose cli   '--',
1 verbose cli   'save-dev' ]
2 info using npm@1.4.28
3 info using node@v0.10.33
4 verbose node symlink C:\Program Files (x86)\nodejs\\node.exe
5 warn package.json castle-escape@ No repository field.
6 warn package.json castle-escape@ No README data
7 verbose readDependencies using package.json deps
8 verbose cache add [ 'grunt-contrib-qunit', null ]
9 verbose cache add name=undefined spec="grunt-contrib-qunit" args=["grunt-contrib-qunit",null]
10 verbose parsed url { protocol: null,
10 verbose parsed url   slashes: null,
10 verbose parsed url   auth: null,
10 verbose parsed url   host: null,
10 verbose parsed url   port: null,
10 verbose parsed url   hostname: null,
10 verbose parsed url   hash: null,
10 verbose parsed url   search: null,
10 verbose parsed url   query: null,
10 verbose parsed url   pathname: 'grunt-contrib-qunit',
10 verbose parsed url   path: 'grunt-contrib-qunit',
10 verbose parsed url   href: 'grunt-contrib-qunit' }
11 verbose cache add [ 'save-dev', null ]
12 verbose cache add name=undefined spec="save-dev" args=["save-dev",null]
13 verbose parsed url { protocol: null,
13 verbose parsed url   slashes: null,
13 verbose parsed url   auth: null,
13 verbose parsed url   host: null,
13 verbose parsed url   port: null,
13 verbose parsed url   hostname: null,
13 verbose parsed url   hash: null,
13 verbose parsed url   search: null,
13 verbose parsed url   query: null,
13 verbose parsed url   pathname: 'save-dev',
13 verbose parsed url   path: 'save-dev',
13 verbose parsed url   href: 'save-dev' }
14 silly lockFile 0d2016ab-grunt-contrib-qunit grunt-contrib-qunit
15 verbose lock grunt-contrib-qunit C:\Users\Maciek\AppData\Roaming\npm-cache\0d2016ab-grunt-contrib-qunit.lock
16 silly lockFile 80ff035d-save-dev save-dev
17 verbose lock save-dev C:\Users\Maciek\AppData\Roaming\npm-cache\80ff035d-save-dev.lock
18 silly lockFile 80ff035d-save-dev save-dev
19 silly lockFile 80ff035d-save-dev save-dev
20 silly lockFile 0d2016ab-grunt-contrib-qunit grunt-contrib-qunit
21 silly lockFile 0d2016ab-grunt-contrib-qunit grunt-contrib-qunit
22 verbose addNamed [ 'save-dev', '' ]
23 verbose addNamed [ null, '*' ]
24 silly lockFile e7602a59-save-dev save-dev@
25 verbose lock save-dev@ C:\Users\Maciek\AppData\Roaming\npm-cache\e7602a59-save-dev.lock
26 verbose addNamed [ 'grunt-contrib-qunit', '' ]
27 verbose addNamed [ null, '*' ]
28 silly lockFile 9fafc39d-grunt-contrib-qunit grunt-contrib-qunit@
29 verbose lock grunt-contrib-qunit@ C:\Users\Maciek\AppData\Roaming\npm-cache\9fafc39d-grunt-contrib-qunit.lock
30 silly addNameRange { name: 'save-dev', range: '*', hasData: false }
31 verbose request where is /save-dev
32 verbose request registry https://registry.npmjs.org/
33 verbose request id 32928449882e8f66
34 verbose url raw /save-dev
35 verbose url resolving [ 'https://registry.npmjs.org/', './save-dev' ]
36 verbose url resolved https://registry.npmjs.org/save-dev
37 verbose request where is https://registry.npmjs.org/save-dev
38 info trying registry request attempt 1 at 13:47:20
39 http GET https://registry.npmjs.org/save-dev
40 silly addNameRange { name: 'grunt-contrib-qunit', range: '*', hasData: false }
41 verbose request where is /grunt-contrib-qunit
42 verbose request registry https://registry.npmjs.org/
43 verbose url raw /grunt-contrib-qunit
44 verbose url resolving [ 'https://registry.npmjs.org/', './grunt-contrib-qunit' ]
45 verbose url resolved https://registry.npmjs.org/grunt-contrib-qunit
46 verbose request where is https://registry.npmjs.org/grunt-contrib-qunit
47 info trying registry request attempt 1 at 13:47:20
48 http GET https://registry.npmjs.org/grunt-contrib-qunit
49 http 404 https://registry.npmjs.org/save-dev
50 verbose headers { server: 'CouchDB/1.5.0 (Erlang OTP/R16B03)',
50 verbose headers   'content-type': 'application/json',
50 verbose headers   'cache-control': 'max-age=0',
50 verbose headers   'content-length': '51',
50 verbose headers   'accept-ranges': 'bytes',
50 verbose headers   date: 'Mon, 08 Jun 2015 11:47:24 GMT',
50 verbose headers   via: '1.1 varnish',
50 verbose headers   age: '0',
50 verbose headers   connection: 'keep-alive',
50 verbose headers   'x-served-by': 'cache-fra1236-FRA',
50 verbose headers   'x-cache': 'MISS',
50 verbose headers   'x-cache-hits': '0',
50 verbose headers   'x-timer': 'S1433764044.477378,VS0,VE107' }
51 silly registry.get cb [ 404,
51 silly registry.get   { server: 'CouchDB/1.5.0 (Erlang OTP/R16B03)',
51 silly registry.get     'content-type': 'application/json',
51 silly registry.get     'cache-control': 'max-age=0',
51 silly registry.get     'content-length': '51',
51 silly registry.get     'accept-ranges': 'bytes',
51 silly registry.get     date: 'Mon, 08 Jun 2015 11:47:24 GMT',
51 silly registry.get     via: '1.1 varnish',
51 silly registry.get     age: '0',
51 silly registry.get     connection: 'keep-alive',
51 silly registry.get     'x-served-by': 'cache-fra1236-FRA',
51 silly registry.get     'x-cache': 'MISS',
51 silly registry.get     'x-cache-hits': '0',
51 silly registry.get     'x-timer': 'S1433764044.477378,VS0,VE107' } ]
52 silly lockFile e7602a59-save-dev save-dev@
53 silly lockFile e7602a59-save-dev save-dev@
54 http 200 https://registry.npmjs.org/grunt-contrib-qunit
55 silly registry.get cb [ 200,
55 silly registry.get   { server: 'CouchDB/1.5.0 (Erlang OTP/R16B03)',
55 silly registry.get     etag: '"3UWE19OH6IPDEBE4JXF3KZPWX"',
55 silly registry.get     'content-type': 'application/json',
55 silly registry.get     'cache-control': 'max-age=60',
55 silly registry.get     'content-length': '35554',
55 silly registry.get     'accept-ranges': 'bytes',
55 silly registry.get     date: 'Mon, 08 Jun 2015 11:47:24 GMT',
55 silly registry.get     via: '1.1 varnish',
55 silly registry.get     age: '0',
55 silly registry.get     connection: 'keep-alive',
55 silly registry.get     'x-served-by': 'cache-fra1234-FRA',
55 silly registry.get     'x-cache': 'HIT',
55 silly registry.get     'x-cache-hits': '1',
55 silly registry.get     'x-timer': 'S1433764044.470311,VS0,VE425',
55 silly registry.get     vary: 'Accept' } ]
56 silly addNameRange number 2 { name: 'grunt-contrib-qunit', range: '*', hasData: true }
57 silly addNameRange versions [ 'grunt-contrib-qunit',
57 silly addNameRange   [ '0.1.0',
57 silly addNameRange     '0.1.1',
57 silly addNameRange     '0.2.0',
57 silly addNameRange     '0.2.1',
57 silly addNameRange     '0.2.2',
57 silly addNameRange     '0.3.0',
57 silly addNameRange     '0.4.0',
57 silly addNameRange     '0.5.0',
57 silly addNameRange     '0.5.1',
57 silly addNameRange     '0.5.2',
57 silly addNameRange     '0.6.0',
57 silly addNameRange     '0.7.0',
57 silly addNameRange     '0.1.1-rc5',
57 silly addNameRange     '0.1.1-rc6' ] ]
58 verbose addNamed [ 'grunt-contrib-qunit', '0.7.0' ]
59 verbose addNamed [ '0.7.0', '0.7.0' ]
60 silly lockFile b3b30a4c-grunt-contrib-qunit-0-7-0 grunt-contrib-qunit@0.7.0
61 verbose lock grunt-contrib-qunit@0.7.0 C:\Users\Maciek\AppData\Roaming\npm-cache\b3b30a4c-grunt-contrib-qunit-0-7-0.lock
62 silly lockFile 5b6a30f5-it-grunt-contrib-qunit-0-7-0-tgz https://registry.npmjs.org/grunt-contrib-qunit/-/grunt-contrib-qunit-0.7.0.tgz
63 verbose lock https://registry.npmjs.org/grunt-contrib-qunit/-/grunt-contrib-qunit-0.7.0.tgz C:\Users\Maciek\AppData\Roaming\npm-cache\5b6a30f5-it-grunt-contrib-qunit-0-7-0-tgz.lock
64 verbose addRemoteTarball [ 'https://registry.npmjs.org/grunt-contrib-qunit/-/grunt-contrib-qunit-0.7.0.tgz',
64 verbose addRemoteTarball   '62a69a36ff0d11e1ca8712090b9e50b775b8f825' ]
65 info retry fetch attempt 1 at 13:47:21
66 verbose fetch to= C:\Users\Maciek\AppData\Local\Temp\npm-21108-XRG24dB-\registry.npmjs.org\grunt-contrib-qunit\-\grunt-contrib-qunit-0.7.0.tgz
67 http GET https://registry.npmjs.org/grunt-contrib-qunit/-/grunt-contrib-qunit-0.7.0.tgz
68 http 200 https://registry.npmjs.org/grunt-contrib-qunit/-/grunt-contrib-qunit-0.7.0.tgz
69 silly lockFile 5b6a30f5-it-grunt-contrib-qunit-0-7-0-tgz https://registry.npmjs.org/grunt-contrib-qunit/-/grunt-contrib-qunit-0.7.0.tgz
70 silly lockFile 5b6a30f5-it-grunt-contrib-qunit-0-7-0-tgz https://registry.npmjs.org/grunt-contrib-qunit/-/grunt-contrib-qunit-0.7.0.tgz
71 silly lockFile b3b30a4c-grunt-contrib-qunit-0-7-0 grunt-contrib-qunit@0.7.0
72 silly lockFile b3b30a4c-grunt-contrib-qunit-0-7-0 grunt-contrib-qunit@0.7.0
73 silly lockFile 9fafc39d-grunt-contrib-qunit grunt-contrib-qunit@
74 silly lockFile 9fafc39d-grunt-contrib-qunit grunt-contrib-qunit@
75 error 404 404 Not Found: save-dev
75 error 404
75 error 404 'save-dev' is not in the npm registry.
75 error 404 You should bug the author to publish it
75 error 404 It was specified as a dependency of 'castle-escape'
75 error 404
75 error 404 Note that you can also install from a
75 error 404 tarball, folder, or http url, or git url.
76 error System Windows_NT 6.2.9200
77 error command "C:\\Program Files (x86)\\nodejs\\\\node.exe" "C:\\Program Files (x86)\\nodejs\\node_modules\\npm\\bin\\npm-cli.js" "install" "grunt-contrib-qunit" "--" "save-dev"
78 error cwd c:\DATA\GAME_DEV\_HTML5\Castle_Escape
79 error node -v v0.10.33
80 error npm -v 1.4.28
81 error code E404
82 verbose exit [ 1, true ]
